n/HD-wallpaper-montana-america-lake-moutains-usa.jpg
n/1667785760819.jpg
n/offset_1017486.jpg
n/orange-sun-set-glows-over-montana-stock-images_csp68930056.jpg
n/fantastic-mountain-landscape-ruus-al-jibal-al-hajar-moutains-musandam-oman-T12RM9.jpg
n/istockphoto-968344292-1024x1024.jpg
n/june-lake-beach-moutains-in-background.jpg
n/sunlight-in-the-moutains-rocky-mountain-across-forest-during-golden-hour-wallpaper-preview.jpg
n/durrensee-lake-dolomite-moutains-daryl-l-hunter.jpg
n/il_570xN.3805934488_axxo.jpg
n/284205769.jpg
n/istockphoto-540492354-1024x1024.jpg
n/il_NxN.1200398814_khh6.jpg
n/snowy-winter-scenery-high-moutains-260nw-1182710863.jpg
n/mountain-marble-quarries-apennines-moutains-mountain-marble-quarries-apennines-moutains-tuscany-near-carrara-italy-121067342.jpg
n/panorama-view-of-traditional-wooden-picture_csp93661173.jpg
n/7393288602_de356699bc_b.jpg
n/depositphotos_310147796-stock-photo-cable-car-to-balea-lake.jpg
n/hiking-slovakia-moutains-view-hills-260nw-1752674069.jpg
n/rainbow-moutains-peru.jpg
n/Mill-House-Cottages_-Blog_-Moutains-to-Climb-in-Scotland-3-1200x900.jpg
n/photo-1521405785232-7a56b029191e.jpg
n/14140298271_f48bd4ce0d_b.jpg
n/gettyimages-dv1456005-2048x2048.jpg
n/randonneeenmontagne.jpg
n/Altja_jõgi_Lahemaal.jpg
n/large_tara-mountain-5520592_1920.jpg
n/DSC0782-400x270.jpg
n/WEF-Investments-In-Nature-Based-Solutions-Have-To-Triple-By-2030-To-Address-Climate-Change-Biodiversity-Loss-450x300.jpg
n/LPN-mikel-n6BxzwOGTC4-unsplash.jpg
n/1667785776959.jpg
n/breathtaking-shot-beautiful-stones-turquoise-water-lake-hills-background_181624-12847.jpg
n/glacierbg.jpg
n/20211009_Olympic_National_Park_048.jpg
n/Redwoods-Sarah-Marino-1500px.jpg
n/gettyimages-485057010.jpg
n/activity_725-1200-630-20220308132126.jpg
n/ArticleImageHandler.jpg
n/Untitled-design-17-720x405.png
n/newFile-2.jpg
n/photo-1546587348-d12660c30c50.jpg
n/Advancing-business-understanding-of-nature-positive.jpg
n/Fairchild_Tropical_Botanical_Gardens_Lake_1440x900_F06105BD-5056-A36A-0BCB7A1D85AA6363-f06103ae5056a36_f0610632-5056-a36a-0bede2dca2a44d31.jpg
n/externsteine-ga1650e32b_1280.jpg
n/whanganui-river_matthew-lovette-education-images-universal-images-group-getty-scaled.jpg
n/thequint_2022-07_0187ab93-d545-4ff8-8a6a-445849ae9e87_hands_holding_globe_glass_in_green_forest_environment_concept_element_picture_id1129110491.jpg
n/bOvf94dPRxWu0u3QsPjF_tree.jpg
n/Untitledpp-1.png
n/1641854865728.jpeg
n/people_and_nature_701917.jpg
n/tree-736885__480.jpg
n/Banff-Canada_GettyImages-680900749.jpg
n/header_essay-test-gettyimages-540818994.jpg
n/National-Tree-Week.jpg
n/rise-mammals-img.width-2000.jpg
n/Learn_To_Love_Nature_Jungles_Theme.jpg
n/LeadImage-Fabian-1280x720.jpg
n/Milford_Sound-Fiordland-MH__aWxvdmVrZWxseQo_CropResizeWzEyMDAsNjMwLDc1LCJqcGciXQ.jpg
n/merlin_209006181_5c498841-6ae8-40b3-9867-22f76b0ae1ba-articleLarge.jpg
n/ZTOU_NP3R4HDI7SnYC7CATQ6w2N4ZR0-1_PEi5YfyUw.jpg
n/ManWalkingInForest.jpg
n/sustainability-nature-forest-river-article-header-fw.jpg
n/tnc_16935516.jpg
n/1627377451_nature.jpg
n/female-outside-water-mountains-1296x728-header-1296x729.jpg
n/GettyImages-1093840488-5-scaled.jpg
n/Science_forest_1167053895.jpg
n/nature-relatedness-stock-bcsize_16x9.jpg
n/nature-2-26-17.jpg
n/Voices_nature-positive_main-scaled.jpg
n/field-ge4d2466da_1920.jpg
n/Nature-Action_i1140.jpg
n/home-banner-2-2-e1646713448525.jpg
n/pexels-ezra-comeau-2387418.jpg
n/1667785760818.png
n/p01lymgh.jpg
n/92233948.jpg
n/1627377451_nature-16346430033x2.jpg
n/LAKE-TREE.jpg
n/Super-Hummingbirds-2.jpg
n/AdobeStock_115649942.jpg
n/Nature-Sounds-For-Well-Being-03.jpg
n/Nature_LOcom.jpg
n/UNDP-CH-Why-Humanity-Must-Save-Nature-To-Save-Itself.jpeg
n/image_print.jpg
n/wide-angle-shot-single-tree-growing-clouded-sky-during-sunset-surrounded-by-grass_181624-22807.jpg
n/maxresdefault.jpg
n/1633199491-1633199490440.jpg
n/nature-1024x682.jpeg
n/reconnect_with_nature.jpg
n/325466_1100-800x825.jpg
n/good-nature-homepage-hero_2-scaled.jpg
n/flowers-276014__340.jpg
n/beautiful-rain-forest-ang-ka-nature-trail-doi-inthanon-national-park-thailand-36703721.jpg
n/Hopetoun_falls.jpg
n/pexels-luis-del-río-15286.jpg
n/gettyimages-168346757_web.jpg
n/photo-1610878180933-123728745d22.jpg
n/Zugpsitze_mountain.jpg
n/pexels-jaime-reimer-2662116.jpg
n/connectwithnature.jpg
n/gettyimages-1146431497.jpg
n/nature-quotes-landscape-1648265299.jpg
n/beautiful-scenery-road-forest-with-lot-colorful-autumn-trees_181624-30942.jpg
n/WOPA160517_D056-resized.jpg
n/vid_4_6800.jpg
n/vid_4_6820.jpg
n/vid_4_6880.jpg
n/vid_4_6900.jpg
n/vid_4_6920.jpg
n/vid_4_6940.jpg
n/vid_4_6960.jpg
n/vid_4_6980.jpg
n/vid_4_700.jpg
n/vid_4_7000.jpg
n/vid_4_7020.jpg
n/vid_4_7040.jpg
n/vid_4_7060.jpg
n/vid_4_7080.jpg
n/vid_4_7100.jpg
n/vid_4_7120.jpg
n/vid_4_7140.jpg
n/vid_4_7160.jpg
n/vid_4_7180.jpg
n/vid_4_720.jpg
n/vid_4_7200.jpg
n/vid_4_7220.jpg
n/vid_4_7240.jpg
n/vid_4_7260.jpg
n/vid_4_7280.jpg
n/vid_4_7300.jpg
n/vid_4_7320.jpg
n/vid_4_7340.jpg
n/vid_4_7360.jpg
n/vid_4_7380.jpg
n/vid_4_740.jpg
n/vid_4_7400.jpg
n/vid_4_7420.jpg
n/vid_4_7440.jpg
n/vid_4_7460.jpg
n/vid_4_7480.jpg
n/vid_4_7500.jpg
n/vid_4_7520.jpg
n/vid_4_7540.jpg
n/vid_4_7560.jpg
n/vid_4_7580.jpg
n/vid_4_760.jpg
n/vid_4_7600.jpg
n/vid_4_7620.jpg
n/vid_4_7640.jpg
n/vid_4_7660.jpg
n/vid_4_7680.jpg
n/vid_4_7700.jpg
n/vid_4_7720.jpg
n/vid_4_7740.jpg
n/vid_4_7760.jpg
n/vid_4_780.jpg
n/vid_4_800.jpg
n/vid_4_820.jpg
n/vid_4_8220.jpg
n/vid_4_8240.jpg
n/vid_4_8260.jpg
n/vid_4_8280.jpg
n/vid_4_8300.jpg
n/vid_4_8320.jpg
n/vid_4_8340.jpg
n/vid_4_8560.jpg
n/vid_4_8580.jpg
n/vid_4_860.jpg
n/vid_4_8600.jpg
n/vid_4_8620.jpg
n/vid_4_8640.jpg
n/vid_4_8660.jpg
n/vid_4_8680.jpg
n/vid_4_8700.jpg
n/vid_4_8720.jpg
n/vid_4_8740.jpg
n/vid_4_8760.jpg
n/vid_4_8780.jpg
n/vid_4_880.jpg
n/vid_4_8800.jpg
n/vid_4_8960.jpg
n/vid_4_8980.jpg
n/vid_4_900.jpg
n/vid_4_9000.jpg
n/vid_4_9020.jpg
n/vid_4_9040.jpg
n/vid_4_9060.jpg
n/vid_4_9080.jpg
n/vid_4_9100.jpg
n/vid_4_9120.jpg
n/vid_4_9140.jpg
n/vid_4_9160.jpg
n/vid_4_9180.jpg
n/vid_4_920.jpg
n/vid_4_9200.jpg
n/vid_4_9220.jpg
n/vid_4_9240.jpg
n/vid_4_9260.jpg
n/vid_4_9280.jpg
n/vid_4_9300.jpg
n/vid_4_9320.jpg
n/vid_4_9340.jpg
n/vid_4_9360.jpg
n/vid_4_9380.jpg
n/vid_4_940.jpg
n/vid_4_9400.jpg
n/vid_4_9420.jpg
n/vid_4_9440.jpg
n/vid_4_9460.jpg
n/vid_4_9480.jpg
n/vid_4_9500.jpg
n/vid_4_9520.jpg
n/vid_4_9540.jpg
n/vid_4_9560.jpg
n/vid_4_9580.jpg
n/vid_4_960.jpg
n/vid_4_9600.jpg
n/vid_4_9620.jpg
n/vid_4_9640.jpg
n/vid_4_9660.jpg
n/vid_4_9680.jpg
n/vid_4_9700.jpg
n/vid_4_9720.jpg
n/vid_4_9740.jpg
n/vid_4_9760.jpg
n/vid_4_9780.jpg
n/vid_4_980.jpg
n/vid_4_9800.jpg
n/vid_4_9820.jpg
n/vid_4_9840.jpg
n/vid_4_9860.jpg
n/vid_4_9880.jpg
n/vid_4_9900.jpg
n/vid_4_9920.jpg
n/vid_4_9940.jpg
n/vid_4_9960.jpg
n/vid_4_9980.jpg
n/vid_4_26120.jpg
n/vid_4_26140.jpg
n/vid_4_26160.jpg
n/vid_4_26180.jpg
n/vid_4_26200.jpg
n/vid_4_26220.jpg
n/vid_4_26240.jpg
n/vid_4_26260.jpg
n/vid_4_26280.jpg
n/vid_4_26300.jpg
n/vid_4_26320.jpg
n/vid_4_26340.jpg
n/vid_4_26360.jpg
n/vid_4_26380.jpg
n/vid_4_26400.jpg
n/vid_4_26420.jpg
n/vid_4_26440.jpg
n/vid_4_26460.jpg
n/vid_4_26480.jpg
n/vid_4_26500.jpg
n/vid_4_26520.jpg
n/vid_4_26540.jpg
n/vid_4_26560.jpg
n/vid_4_26580.jpg
n/vid_4_26600.jpg
n/vid_4_26620.jpg
n/vid_4_26640.jpg
n/vid_4_26660.jpg
n/vid_4_26680.jpg
n/vid_4_26700.jpg
n/vid_4_26720.jpg
n/vid_4_26740.jpg
n/vid_4_26760.jpg
n/vid_4_26780.jpg
n/vid_4_27040.jpg
n/vid_4_27060.jpg
n/vid_4_27080.jpg
n/vid_4_27100.jpg
n/vid_4_27120.jpg
n/vid_4_27140.jpg
n/vid_4_27160.jpg
n/vid_4_27180.jpg
n/vid_4_27200.jpg
n/vid_4_27220.jpg
n/vid_4_27240.jpg
n/vid_4_27260.jpg
n/vid_4_27280.jpg
n/vid_4_28200.jpg
n/vid_4_28220.jpg
n/vid_4_28240.jpg
n/vid_4_28260.jpg
n/vid_4_28280.jpg
n/vid_4_28300.jpg
n/vid_4_28320.jpg
n/vid_4_28340.jpg
n/vid_4_28360.jpg
n/vid_4_28380.jpg
n/vid_4_28400.jpg
n/vid_4_28420.jpg
n/vid_4_28440.jpg
n/vid_4_28820.jpg
n/vid_4_28840.jpg
n/vid_4_28860.jpg
n/vid_4_28880.jpg
n/vid_4_29280.jpg
n/vid_4_29300.jpg
n/vid_4_29320.jpg
n/vid_4_29340.jpg
n/vid_4_29360.jpg
n/vid_4_29380.jpg
n/vid_4_29400.jpg
n/vid_4_29420.jpg
n/vid_4_29440.jpg
n/vid_4_29460.jpg
n/vid_4_29480.jpg
n/vid_4_29500.jpg
n/vid_4_29520.jpg
n/vid_4_29540.jpg
n/vid_4_29560.jpg
n/vid_4_29580.jpg
n/vid_4_29600.jpg
n/vid_4_29620.jpg
n/vid_4_29640.jpg
n/vid_4_29660.jpg
n/vid_4_29680.jpg
n/vid_4_29700.jpg
n/vid_4_29720.jpg
n/vid_4_29740.jpg
n/vid_4_29760.jpg
n/vid_4_29880.jpg
n/vid_4_29900.jpg
n/vid_4_29920.jpg
n/vid_4_29940.jpg
n/vid_4_29960.jpg
n/vid_4_29980.jpg
n/vid_4_30000.jpg
n/vid_4_30020.jpg
n/vid_4_30440.jpg
n/vid_4_3120.jpg
n/vid_4_3140.jpg
n/vid_4_3160.jpg
n/vid_4_3180.jpg
n/vid_4_3200.jpg
n/vid_4_3220.jpg
n/vid_4_3240.jpg
n/vid_4_3260.jpg
n/vid_4_3280.jpg
n/vid_4_3300.jpg
n/vid_4_3320.jpg
n/vid_4_3340.jpg
n/vid_4_3360.jpg
n/vid_4_3380.jpg
n/vid_4_3400.jpg
n/vid_4_3420.jpg
n/vid_4_3440.jpg
n/vid_4_3460.jpg
n/vid_4_3480.jpg
n/vid_4_3500.jpg
n/vid_4_3520.jpg
n/vid_4_3540.jpg
n/vid_4_3560.jpg
n/vid_4_3580.jpg
n/vid_4_3600.jpg
n/vid_4_3620.jpg
n/vid_4_3640.jpg
n/vid_4_3660.jpg
n/vid_4_3680.jpg
n/vid_4_3700.jpg
n/vid_4_3720.jpg
n/vid_4_3740.jpg
n/vid_4_3760.jpg
n/vid_4_3780.jpg
n/vid_4_3800.jpg
n/vid_4_3820.jpg
n/vid_4_3840.jpg
n/vid_4_3860.jpg
n/vid_4_3880.jpg
n/vid_4_3900.jpg
n/vid_4_3920.jpg
n/vid_4_3940.jpg
n/vid_4_3960.jpg
n/vid_4_3980.jpg
n/vid_4_4000.jpg
n/vid_4_4020.jpg
n/vid_4_4040.jpg
n/vid_4_4060.jpg
n/vid_4_4080.jpg
n/vid_4_4100.jpg
n/vid_4_4120.jpg
n/vid_4_4140.jpg
n/vid_4_4160.jpg
n/vid_4_4180.jpg
n/vid_4_4380.jpg
n/vid_4_4400.jpg
n/vid_4_4420.jpg
n/vid_4_4520.jpg
n/vid_4_4540.jpg
n/vid_4_4560.jpg
n/vid_4_4580.jpg
n/vid_4_4600.jpg
n/vid_4_4620.jpg
n/vid_4_4640.jpg
n/vid_4_5640.jpg
n/vid_4_5660.jpg
n/vid_4_5680.jpg
n/vid_4_5700.jpg
n/vid_4_5720.jpg
n/vid_4_5740.jpg
n/vid_4_5760.jpg
n/vid_4_5780.jpg
n/vid_4_5800.jpg
n/vid_4_5820.jpg
n/vid_4_5840.jpg
n/vid_4_5860.jpg
n/vid_4_5880.jpg
n/vid_4_5900.jpg
n/vid_4_5920.jpg
n/vid_4_600.jpg
n/vid_4_6080.jpg
n/vid_4_6100.jpg
n/vid_4_6120.jpg
n/vid_4_6140.jpg
n/vid_4_6160.jpg
n/vid_4_6180.jpg
n/vid_4_620.jpg
n/vid_4_6200.jpg
n/vid_4_6220.jpg
n/vid_4_6240.jpg
n/vid_4_6260.jpg
n/vid_4_6280.jpg
n/vid_4_6300.jpg
n/vid_4_6320.jpg
n/vid_4_6340.jpg
n/vid_4_6360.jpg
n/vid_4_6380.jpg
n/vid_4_640.jpg
n/vid_4_6400.jpg
n/vid_4_6420.jpg
n/vid_4_6440.jpg
n/vid_4_6460.jpg
n/vid_4_6480.jpg
n/vid_4_6500.jpg
n/vid_4_6520.jpg
n/vid_4_6540.jpg
n/vid_4_6560.jpg
n/vid_4_6580.jpg
n/vid_4_660.jpg
n/vid_4_6600.jpg
n/vid_4_6780.jpg
n/vid_4_680.jpg
n/vid_4_19540.jpg
n/vid_4_19560.jpg
n/vid_4_19580.jpg
n/vid_4_1960.jpg
n/vid_4_19600.jpg
n/vid_4_19620.jpg
n/vid_4_19640.jpg
n/vid_4_19660.jpg
n/vid_4_19680.jpg
n/vid_4_19700.jpg
n/vid_4_19720.jpg
n/vid_4_19740.jpg
n/vid_4_19760.jpg
n/vid_4_19780.jpg
n/vid_4_1980.jpg
n/vid_4_19800.jpg
n/vid_4_19820.jpg
n/vid_4_19840.jpg
n/vid_4_19860.jpg
n/vid_4_19880.jpg
n/vid_4_19900.jpg
n/vid_4_19920.jpg
n/vid_4_19940.jpg
n/vid_4_19960.jpg
n/vid_4_19980.jpg
n/vid_4_2000.jpg
n/vid_4_20000.jpg
n/vid_4_20020.jpg
n/vid_4_20040.jpg
n/vid_4_20060.jpg
n/vid_4_20080.jpg
n/vid_4_20100.jpg
n/vid_4_20120.jpg
n/vid_4_20140.jpg
n/vid_4_2020.jpg
n/vid_4_20240.jpg
n/vid_4_20260.jpg
n/vid_4_20280.jpg
n/vid_4_20300.jpg
n/vid_4_20320.jpg
n/vid_4_2040.jpg
n/vid_4_20440.jpg
n/vid_4_20460.jpg
n/vid_4_20480.jpg
n/vid_4_20500.jpg
n/vid_4_20520.jpg
n/vid_4_20540.jpg
n/vid_4_20560.jpg
n/vid_4_20580.jpg
n/vid_4_2060.jpg
n/vid_4_20780.jpg
n/vid_4_2080.jpg
n/vid_4_20800.jpg
n/vid_4_20820.jpg
n/vid_4_20840.jpg
n/vid_4_20860.jpg
n/vid_4_20880.jpg
n/vid_4_20900.jpg
n/vid_4_20920.jpg
n/vid_4_20940.jpg
n/vid_4_20960.jpg
n/vid_4_20980.jpg
n/vid_4_2100.jpg
n/vid_4_21000.jpg
n/vid_4_21020.jpg
n/vid_4_21040.jpg
n/vid_4_21060.jpg
n/vid_4_21080.jpg
n/vid_4_21100.jpg
n/vid_4_21120.jpg
n/vid_4_21140.jpg
n/vid_4_21160.jpg
n/vid_4_21180.jpg
n/vid_4_2120.jpg
n/vid_4_21200.jpg
n/vid_4_21220.jpg
n/vid_4_21240.jpg
n/vid_4_21260.jpg
n/vid_4_21280.jpg
n/vid_4_21300.jpg
n/vid_4_21320.jpg
n/vid_4_21340.jpg
n/vid_4_21360.jpg
n/vid_4_21380.jpg
n/vid_4_2140.jpg
n/vid_4_21400.jpg
n/vid_4_21420.jpg
n/vid_4_21440.jpg
n/vid_4_21460.jpg
n/vid_4_21480.jpg
n/vid_4_21500.jpg
n/vid_4_21520.jpg
n/vid_4_21540.jpg
n/vid_4_21560.jpg
n/vid_4_21580.jpg
n/vid_4_2160.jpg
n/vid_4_21600.jpg
n/vid_4_21620.jpg
n/vid_4_21640.jpg
n/vid_4_21660.jpg
n/vid_4_21680.jpg
n/vid_4_21700.jpg
n/vid_4_21720.jpg
n/vid_4_21740.jpg
n/vid_4_2180.jpg
n/vid_4_21800.jpg
n/vid_4_21820.jpg
n/vid_4_21840.jpg
n/vid_4_21860.jpg
n/vid_4_21880.jpg
n/vid_4_21900.jpg
n/vid_4_21920.jpg
n/vid_4_21940.jpg
n/vid_4_21960.jpg
n/vid_4_21980.jpg
n/vid_4_2200.jpg
n/vid_4_22000.jpg
n/vid_4_22020.jpg
n/vid_4_22040.jpg
n/vid_4_22060.jpg
n/vid_4_22080.jpg
n/vid_4_22100.jpg
n/vid_4_22120.jpg
n/vid_4_22140.jpg
n/vid_4_22160.jpg
n/vid_4_22180.jpg
n/vid_4_2220.jpg
n/vid_4_22200.jpg
n/vid_4_22220.jpg
n/vid_4_22240.jpg
n/vid_4_22260.jpg
n/vid_4_22280.jpg
n/vid_4_22300.jpg
n/vid_4_22320.jpg
n/vid_4_22340.jpg
n/vid_4_22360.jpg
n/vid_4_22380.jpg
n/vid_4_2240.jpg
n/vid_4_22400.jpg
n/vid_4_22420.jpg
n/vid_4_22440.jpg
n/vid_4_22460.jpg
n/vid_4_22480.jpg
n/vid_4_22500.jpg
n/vid_4_22520.jpg
n/vid_4_22540.jpg
n/vid_4_22560.jpg
n/vid_4_22580.jpg
n/vid_4_2260.jpg
n/vid_4_22600.jpg
n/vid_4_22620.jpg
n/vid_4_22640.jpg
n/vid_4_22660.jpg
n/vid_4_22680.jpg
n/vid_4_22700.jpg
n/vid_4_22720.jpg
n/vid_4_22740.jpg
n/vid_4_22760.jpg
n/vid_4_22780.jpg
n/vid_4_2280.jpg
n/vid_4_22800.jpg
n/vid_4_22820.jpg
n/vid_4_22840.jpg
n/vid_4_22860.jpg
n/vid_4_22880.jpg
n/vid_4_22900.jpg
n/vid_4_22920.jpg
n/vid_4_22940.jpg
n/vid_4_22960.jpg
n/vid_4_22980.jpg
n/vid_4_2300.jpg
n/vid_4_23000.jpg
n/vid_4_23020.jpg
n/vid_4_23040.jpg
n/vid_4_23060.jpg
n/vid_4_23080.jpg
n/vid_4_23100.jpg
n/vid_4_23120.jpg
n/vid_4_23140.jpg
n/vid_4_23160.jpg
n/vid_4_23180.jpg
n/vid_4_2320.jpg
n/vid_4_23200.jpg
n/vid_4_23220.jpg
n/vid_4_23240.jpg
n/vid_4_23260.jpg
n/vid_4_23280.jpg
n/vid_4_23300.jpg
n/vid_4_23320.jpg
n/vid_4_23340.jpg
n/vid_4_23360.jpg
n/vid_4_23380.jpg
n/vid_4_2340.jpg
n/vid_4_23400.jpg
n/vid_4_23420.jpg
n/vid_4_23440.jpg
n/vid_4_23460.jpg
n/vid_4_23480.jpg
n/vid_4_23500.jpg
n/vid_4_23520.jpg
n/vid_4_23540.jpg
n/vid_4_23560.jpg
n/vid_4_23580.jpg
n/vid_4_2360.jpg
n/vid_4_23600.jpg
n/vid_4_23620.jpg
n/vid_4_23640.jpg
n/vid_4_2380.jpg
n/vid_4_2400.jpg
n/vid_4_2420.jpg
n/vid_4_2440.jpg
n/vid_4_2460.jpg
n/vid_4_24760.jpg
n/vid_4_24780.jpg
n/vid_4_2480.jpg
n/vid_4_24800.jpg
n/vid_4_24820.jpg
n/vid_4_24840.jpg
n/vid_4_24860.jpg
n/vid_4_24880.jpg
n/vid_4_24900.jpg
n/vid_4_24920.jpg
n/vid_4_24940.jpg
n/vid_4_24960.jpg
n/vid_4_2500.jpg
n/vid_4_2520.jpg
n/vid_4_2540.jpg
n/vid_4_2560.jpg
n/vid_4_25820.jpg
n/vid_4_25840.jpg
n/vid_4_25860.jpg
n/vid_4_25880.jpg
n/vid_4_25900.jpg
n/vid_4_25920.jpg
n/vid_4_25940.jpg
n/vid_4_25960.jpg
n/vid_4_25980.jpg
n/vid_4_26000.jpg
n/vid_4_26020.jpg
n/vid_4_26040.jpg
n/vid_4_26060.jpg
n/vid_4_26080.jpg
n/vid_4_26100.jpg
n/vid_4_13440.jpg
n/vid_4_13460.jpg
n/vid_4_13480.jpg
n/vid_4_13540.jpg
n/vid_4_13580.jpg
n/vid_4_13620.jpg
n/vid_4_13640.jpg
n/vid_4_13660.jpg
n/vid_4_13680.jpg
n/vid_4_13700.jpg
n/vid_4_13720.jpg
n/vid_4_13740.jpg
n/vid_4_13760.jpg
n/vid_4_13780.jpg
n/vid_4_13800.jpg
n/vid_4_13820.jpg
n/vid_4_13840.jpg
n/vid_4_13860.jpg
n/vid_4_13880.jpg
n/vid_4_13900.jpg
n/vid_4_13920.jpg
n/vid_4_13940.jpg
n/vid_4_13960.jpg
n/vid_4_13980.jpg
n/vid_4_14040.jpg
n/vid_4_14060.jpg
n/vid_4_14080.jpg
n/vid_4_14100.jpg
n/vid_4_14120.jpg
n/vid_4_14140.jpg
n/vid_4_14160.jpg
n/vid_4_14180.jpg
n/vid_4_14200.jpg
n/vid_4_14220.jpg
n/vid_4_14240.jpg
n/vid_4_14260.jpg
n/vid_4_14280.jpg
n/vid_4_14300.jpg
n/vid_4_14320.jpg
n/vid_4_14340.jpg
n/vid_4_14360.jpg
n/vid_4_14380.jpg
n/vid_4_14400.jpg
n/vid_4_14420.jpg
n/vid_4_14440.jpg
n/vid_4_14460.jpg
n/vid_4_14480.jpg
n/vid_4_14500.jpg
n/vid_4_14520.jpg
n/vid_4_14540.jpg
n/vid_4_14560.jpg
n/vid_4_14580.jpg
n/vid_4_14600.jpg
n/vid_4_14620.jpg
n/vid_4_14640.jpg
n/vid_4_14660.jpg
n/vid_4_14680.jpg
n/vid_4_14700.jpg
n/vid_4_14720.jpg
n/vid_4_14740.jpg
n/vid_4_14760.jpg
n/vid_4_14780.jpg
n/vid_4_14800.jpg
n/vid_4_14820.jpg
n/vid_4_14840.jpg
n/vid_4_14860.jpg
n/vid_4_14880.jpg
n/vid_4_14900.jpg
n/vid_4_14920.jpg
n/vid_4_14940.jpg
n/vid_4_14960.jpg
n/vid_4_14980.jpg
n/vid_4_15000.jpg
n/vid_4_15020.jpg
n/vid_4_15040.jpg
n/vid_4_15060.jpg
n/vid_4_15080.jpg
n/vid_4_15100.jpg
n/vid_4_15120.jpg
n/vid_4_15140.jpg
n/vid_4_15160.jpg
n/vid_4_15180.jpg
n/vid_4_1520.jpg
n/vid_4_15200.jpg
n/vid_4_15220.jpg
n/vid_4_1540.jpg
n/vid_4_1560.jpg
n/vid_4_1580.jpg
n/vid_4_1600.jpg
n/vid_4_16000.jpg
n/vid_4_16020.jpg
n/vid_4_16040.jpg
n/vid_4_16060.jpg
n/vid_4_16080.jpg
n/vid_4_16100.jpg
n/vid_4_16120.jpg
n/vid_4_16140.jpg
n/vid_4_16160.jpg
n/vid_4_16180.jpg
n/vid_4_1620.jpg
n/vid_4_16200.jpg
n/vid_4_16220.jpg
n/vid_4_16240.jpg
n/vid_4_16260.jpg
n/vid_4_16280.jpg
n/vid_4_16300.jpg
n/vid_4_16320.jpg
n/vid_4_1640.jpg
n/vid_4_16400.jpg
n/vid_4_16420.jpg
n/vid_4_16440.jpg
n/vid_4_16460.jpg
n/vid_4_16480.jpg
n/vid_4_16500.jpg
n/vid_4_16520.jpg
n/vid_4_16540.jpg
n/vid_4_16560.jpg
n/vid_4_16580.jpg
n/vid_4_1660.jpg
n/vid_4_16600.jpg
n/vid_4_16620.jpg
n/vid_4_16640.jpg
n/vid_4_16660.jpg
n/vid_4_16680.jpg
n/vid_4_16700.jpg
n/vid_4_16720.jpg
n/vid_4_16740.jpg
n/vid_4_16760.jpg
n/vid_4_16780.jpg
n/vid_4_16800.jpg
n/vid_4_16820.jpg
n/vid_4_16900.jpg
n/vid_4_16920.jpg
n/vid_4_16940.jpg
n/vid_4_16960.jpg
n/vid_4_16980.jpg
n/vid_4_1700.jpg
n/vid_4_17000.jpg
n/vid_4_17020.jpg
n/vid_4_17040.jpg
n/vid_4_17060.jpg
n/vid_4_17080.jpg
n/vid_4_17100.jpg
n/vid_4_17120.jpg
n/vid_4_17140.jpg
n/vid_4_17160.jpg
n/vid_4_17180.jpg
n/vid_4_17200.jpg
n/vid_4_17220.jpg
n/vid_4_17240.jpg
n/vid_4_17260.jpg
n/vid_4_17280.jpg
n/vid_4_17300.jpg
n/vid_4_17320.jpg
n/vid_4_17340.jpg
n/vid_4_17360.jpg
n/vid_4_17380.jpg
n/vid_4_1740.jpg
n/vid_4_17400.jpg
n/vid_4_17420.jpg
n/vid_4_17440.jpg
n/vid_4_17460.jpg
n/vid_4_17480.jpg
n/vid_4_17500.jpg
n/vid_4_17520.jpg
n/vid_4_17540.jpg
n/vid_4_17560.jpg
n/vid_4_17580.jpg
n/vid_4_1760.jpg
n/vid_4_17600.jpg
n/vid_4_17620.jpg
n/vid_4_17640.jpg
n/vid_4_17660.jpg
n/vid_4_17680.jpg
n/vid_4_17700.jpg
n/vid_4_17720.jpg
n/vid_4_17740.jpg
n/vid_4_17760.jpg
n/vid_4_17780.jpg
n/vid_4_1780.jpg
n/vid_4_17800.jpg
n/vid_4_17820.jpg
n/vid_4_17840.jpg
n/vid_4_17860.jpg
n/vid_4_17880.jpg
n/vid_4_17900.jpg
n/vid_4_17920.jpg
n/vid_4_17940.jpg
n/vid_4_17960.jpg
n/vid_4_17980.jpg
n/vid_4_1800.jpg
n/vid_4_18000.jpg
n/vid_4_18080.jpg
n/vid_4_18100.jpg
n/vid_4_18120.jpg
n/vid_4_18140.jpg
n/vid_4_18160.jpg
n/vid_4_18180.jpg
n/vid_4_1820.jpg
n/vid_4_18200.jpg
n/vid_4_18220.jpg
n/vid_4_18240.jpg
n/vid_4_18260.jpg
n/vid_4_18280.jpg
n/vid_4_18300.jpg
n/vid_4_18320.jpg
n/vid_4_18340.jpg
n/vid_4_18360.jpg
n/vid_4_18380.jpg
n/vid_4_1840.jpg
n/vid_4_18400.jpg
n/vid_4_18420.jpg
n/vid_4_18440.jpg
n/vid_4_1860.jpg
n/vid_4_18640.jpg
n/vid_4_18660.jpg
n/vid_4_18680.jpg
n/vid_4_18700.jpg
n/vid_4_18720.jpg
n/vid_4_18740.jpg
n/vid_4_18760.jpg
n/vid_4_18780.jpg
n/vid_4_1880.jpg
n/vid_4_18800.jpg
n/vid_4_18820.jpg
n/vid_4_18840.jpg
n/vid_4_18860.jpg
n/vid_4_18880.jpg
n/vid_4_18900.jpg
n/vid_4_18920.jpg
n/vid_4_18940.jpg
n/vid_4_18960.jpg
n/vid_4_18980.jpg
n/vid_4_1900.jpg
n/vid_4_19000.jpg
n/vid_4_19020.jpg
n/vid_4_19040.jpg
n/vid_4_19060.jpg
n/vid_4_19080.jpg
n/vid_4_19100.jpg
n/vid_4_19120.jpg
n/vid_4_19140.jpg
n/vid_4_19160.jpg
n/vid_4_19180.jpg
n/vid_4_1920.jpg
n/vid_4_19200.jpg
n/vid_4_19220.jpg
n/vid_4_19240.jpg
n/vid_4_19260.jpg
n/vid_4_19280.jpg
n/vid_4_19300.jpg
n/vid_4_19320.jpg
n/vid_4_19340.jpg
n/vid_4_19360.jpg
n/vid_4_19380.jpg
n/vid_4_1940.jpg
n/vid_4_19400.jpg
n/vid_4_19420.jpg
n/vid_4_19440.jpg
n/vid_4_19460.jpg
n/vid_4_19480.jpg
n/vid_4_19500.jpg
n/vid_4_19520.jpg
n/vid_4_1000.jpg
n/vid_4_10000.jpg
n/vid_4_10020.jpg
n/vid_4_10040.jpg
n/vid_4_10060.jpg
n/vid_4_10080.jpg
n/vid_4_10100.jpg
n/vid_4_10120.jpg
n/vid_4_10140.jpg
n/vid_4_10160.jpg
n/vid_4_10180.jpg
n/vid_4_1020.jpg
n/vid_4_10200.jpg
n/vid_4_10220.jpg
n/vid_4_10240.jpg
n/vid_4_10260.jpg
n/vid_4_10280.jpg
n/vid_4_10300.jpg
n/vid_4_10320.jpg
n/vid_4_10340.jpg
n/vid_4_10360.jpg
n/vid_4_10380.jpg
n/vid_4_1040.jpg
n/vid_4_10400.jpg
n/vid_4_10420.jpg
n/vid_4_10440.jpg
n/vid_4_10460.jpg
n/vid_4_10480.jpg
n/vid_4_10500.jpg
n/vid_4_10520.jpg
n/vid_4_10540.jpg
n/vid_4_10560.jpg
n/vid_4_10580.jpg
n/vid_4_1060.jpg
n/vid_4_10600.jpg
n/vid_4_10620.jpg
n/vid_4_10640.jpg
n/vid_4_10660.jpg
n/vid_4_10680.jpg
n/vid_4_10700.jpg
n/vid_4_10720.jpg
n/vid_4_10740.jpg
n/vid_4_10760.jpg
n/vid_4_10780.jpg
n/vid_4_1080.jpg
n/vid_4_10800.jpg
n/vid_4_10820.jpg
n/vid_4_10840.jpg
n/vid_4_10860.jpg
n/vid_4_10880.jpg
n/vid_4_10900.jpg
n/vid_4_10920.jpg
n/vid_4_10940.jpg
n/vid_4_10960.jpg
n/vid_4_10980.jpg
n/vid_4_11000.jpg
n/vid_4_11020.jpg
n/vid_4_11040.jpg
n/vid_4_11060.jpg
n/vid_4_11080.jpg
n/vid_4_11100.jpg
n/vid_4_11120.jpg
n/vid_4_11140.jpg
n/vid_4_11160.jpg
n/vid_4_11180.jpg
n/vid_4_11200.jpg
n/vid_4_11220.jpg
n/vid_4_11240.jpg
n/vid_4_11260.jpg
n/vid_4_11280.jpg
n/vid_4_11300.jpg
n/vid_4_11320.jpg
n/vid_4_11340.jpg
n/vid_4_11360.jpg
n/vid_4_11380.jpg
n/vid_4_11400.jpg
n/vid_4_11420.jpg
n/vid_4_11440.jpg
n/vid_4_11460.jpg
n/vid_4_11480.jpg
n/vid_4_11500.jpg
n/vid_4_11520.jpg
n/vid_4_11760.jpg
n/vid_4_11780.jpg
n/vid_4_11800.jpg
n/vid_4_11820.jpg
n/vid_4_11840.jpg
n/vid_4_11860.jpg
n/vid_4_11880.jpg
n/vid_4_11900.jpg
n/vid_4_11920.jpg
n/vid_4_11940.jpg
n/vid_4_11960.jpg
n/vid_4_11980.jpg
n/vid_4_12000.jpg
n/vid_4_12020.jpg
n/vid_4_12040.jpg
n/vid_4_12060.jpg
n/vid_4_12080.jpg
n/vid_4_12100.jpg
n/vid_4_12120.jpg
n/vid_4_12140.jpg
n/vid_4_12160.jpg
n/vid_4_12180.jpg
n/vid_4_12200.jpg
n/vid_4_12220.jpg
n/vid_4_12240.jpg
n/vid_4_12260.jpg
n/vid_4_12280.jpg
n/vid_4_12300.jpg
n/vid_4_12320.jpg
n/vid_4_12340.jpg
n/vid_4_12360.jpg
n/vid_4_12380.jpg
n/vid_4_12400.jpg
n/vid_4_12420.jpg
n/vid_4_12440.jpg
n/vid_4_12460.jpg
n/vid_4_12480.jpg
n/vid_4_12500.jpg
n/vid_4_12520.jpg
n/vid_4_12540.jpg
n/vid_4_12560.jpg
n/vid_4_12580.jpg
n/vid_4_12600.jpg
n/vid_4_12620.jpg
n/vid_4_12640.jpg
n/vid_4_12660.jpg
n/vid_4_12680.jpg
n/vid_4_12700.jpg
n/vid_4_12720.jpg
n/vid_4_12740.jpg
n/vid_4_12760.jpg
n/vid_4_12780.jpg
n/vid_4_12800.jpg
n/vid_4_12820.jpg
n/vid_4_12840.jpg
n/vid_4_12860.jpg
n/vid_4_12880.jpg
n/vid_4_12900.jpg
n/vid_4_13020.jpg
n/vid_4_13040.jpg
n/vid_4_13060.jpg
n/vid_4_13080.jpg
n/vid_4_13100.jpg
n/vid_4_13120.jpg
n/vid_4_13240.jpg
n/vid_4_13260.jpg
n/vid_4_13280.jpg
n/vid_4_13300.jpg
n/vid_4_13320.jpg
n/vid_4_13420.jpg
n/vid_5_29520.jpg
n/vid_5_29540.jpg
n/vid_5_29560.jpg
n/vid_5_29580.jpg
n/vid_5_29600.jpg
n/vid_5_29620.jpg
n/vid_5_29640.jpg
n/vid_5_29720.jpg
n/vid_5_29740.jpg
n/vid_5_29760.jpg
n/vid_5_29820.jpg
n/vid_5_29840.jpg
n/vid_5_29860.jpg
n/vid_5_29880.jpg
n/vid_5_29900.jpg
n/vid_5_29980.jpg
n/vid_5_30000.jpg
n/vid_5_30020.jpg
n/vid_5_30040.jpg
n/vid_5_30120.jpg
n/vid_5_30140.jpg
n/vid_5_30160.jpg
n/vid_5_30180.jpg
n/vid_5_30640.jpg
n/vid_5_30660.jpg
n/vid_5_30680.jpg
n/vid_5_30700.jpg
n/vid_5_30720.jpg
n/vid_5_30740.jpg
n/vid_5_30760.jpg
n/vid_5_30820.jpg
n/vid_5_30840.jpg
n/vid_5_30860.jpg
n/vid_5_30920.jpg
n/vid_5_30940.jpg
n/vid_5_31020.jpg
n/vid_5_31040.jpg
n/vid_5_31060.jpg
n/vid_5_31080.jpg
n/vid_5_31100.jpg
n/vid_5_31120.jpg
n/vid_5_31140.jpg
n/vid_5_31160.jpg
n/vid_5_31180.jpg
n/vid_5_31200.jpg
n/vid_5_31260.jpg
n/vid_5_31280.jpg
n/vid_5_31300.jpg
n/vid_5_31360.jpg
n/vid_5_31380.jpg
n/vid_5_31400.jpg
n/vid_5_31420.jpg
n/vid_5_31480.jpg
n/vid_5_31500.jpg
n/vid_5_31520.jpg
n/vid_5_31560.jpg
n/vid_5_31600.jpg
n/vid_5_31620.jpg
n/vid_5_31640.jpg
n/vid_5_31660.jpg
n/vid_5_31680.jpg
n/vid_5_31700.jpg
n/vid_5_31720.jpg
n/vid_5_400.jpg
n/vid_5_420.jpg
n/vid_5_440.jpg
n/vid_5_25100.jpg
n/vid_5_25120.jpg
n/vid_5_25140.jpg
n/vid_5_25160.jpg
n/vid_5_25180.jpg
n/vid_5_25200.jpg
n/vid_5_25220.jpg
n/vid_5_25240.jpg
n/vid_5_25260.jpg
n/vid_5_26320.jpg
n/vid_5_26400.jpg
n/vid_5_26420.jpg
n/vid_5_26560.jpg
n/vid_5_26580.jpg
n/vid_5_26600.jpg
n/vid_5_26620.jpg
n/vid_5_26640.jpg
n/vid_5_26660.jpg
n/vid_5_26680.jpg
n/vid_5_26700.jpg
n/vid_5_26720.jpg
n/vid_5_26740.jpg
n/vid_5_26760.jpg
n/vid_5_26780.jpg
n/vid_5_26800.jpg
n/vid_5_26820.jpg
n/vid_5_26840.jpg
n/vid_5_26860.jpg
n/vid_5_26880.jpg
n/vid_5_26900.jpg
n/vid_5_26920.jpg
n/vid_5_26940.jpg
n/vid_5_26960.jpg
n/vid_5_26980.jpg
n/vid_5_27240.jpg
n/vid_5_27260.jpg
n/vid_5_27280.jpg
n/vid_5_27300.jpg
n/vid_5_27320.jpg
n/vid_5_27360.jpg
n/vid_5_27380.jpg
n/vid_5_27400.jpg
n/vid_5_27420.jpg
n/vid_5_27440.jpg
n/vid_5_27460.jpg
n/vid_5_27480.jpg
n/vid_5_27500.jpg
n/vid_5_27520.jpg
n/vid_5_27540.jpg
n/vid_5_27560.jpg
n/vid_5_27580.jpg
n/vid_5_27600.jpg
n/vid_5_27620.jpg
n/vid_5_27640.jpg
n/vid_5_27660.jpg
n/vid_5_27680.jpg
n/vid_5_27700.jpg
n/vid_5_27720.jpg
n/vid_5_27740.jpg
n/vid_5_27760.jpg
n/vid_5_27780.jpg
n/vid_5_27800.jpg
n/vid_5_27820.jpg
n/vid_5_27840.jpg
n/vid_5_27860.jpg
n/vid_5_27880.jpg
n/vid_5_27900.jpg
n/vid_5_27920.jpg
n/vid_5_27940.jpg
n/vid_5_27960.jpg
n/vid_5_27980.jpg
n/vid_5_28000.jpg
n/vid_5_28020.jpg
n/vid_5_28040.jpg
n/vid_5_28060.jpg
n/vid_5_28080.jpg
n/vid_5_28180.jpg
n/vid_5_28260.jpg
n/vid_5_28320.jpg
n/vid_5_28340.jpg
n/vid_5_28360.jpg
n/vid_5_28380.jpg
n/vid_5_28420.jpg
n/vid_5_28440.jpg
n/vid_5_28460.jpg
n/vid_5_28480.jpg
n/vid_5_28500.jpg
n/vid_5_28520.jpg
n/vid_5_28540.jpg
n/vid_5_28560.jpg
n/vid_5_28580.jpg
n/vid_5_28600.jpg
n/vid_5_28620.jpg
n/vid_5_28640.jpg
n/vid_5_28660.jpg
n/vid_5_28680.jpg
n/vid_5_28700.jpg
n/vid_5_29000.jpg
n/vid_5_29020.jpg
n/vid_5_29040.jpg
n/vid_5_29060.jpg
n/vid_5_29080.jpg
n/vid_5_29100.jpg
n/vid_5_29400.jpg
n/vid_5_29420.jpg
n/vid_5_29440.jpg
n/vid_5_29460.jpg
n/vid_5_29480.jpg
n/vid_5_29500.jpg